# JRE version: OpenJDK Runtime Environment Microsoft-8035246 (17.0.8+7) (build 17.0.8+7-LTS)
# Java VM: OpenJDK 64-Bit Server VM Microsoft-8035246 (17.0.8+7-LTS, mixed mode, sharing, tiered, compressed oops, compressed class ptrs, g1 gc, windows-amd64)
GC Precious Log:
 CPUs: 8 total, 8 available
 Memory: 6082M
 Large Page Support: Disabled
 NUMA Support: Disabled
 Compressed Oops: Enabled (32-bit)
 Heap Region Size: 1M
 Heap Min Capacity: 8M
 Heap Initial Capacity: 96M
 Heap Max Capacity: 2G
 Pre-touch: Disabled
 Parallel Workers: 8
 Concurrent Workers: 2
 Concurrent Refinement Workers: 8
 Periodic GC: Disabled
Heap:
 garbage-first heap   total 316416K, used 254020K [0x0000000080000000, 0x0000000100000000)
  region size 1024K, 47 young (48128K), 8 survivors (8192K)
 Metaspace       used 104588K, committed 105920K, reserved 557056K
  class space    used 14702K, committed 15296K, reserved 425984K
GC Heap History (20 events):
Event: 53.488 GC heap before
{Heap before GC invocations=59 (full 0):
 garbage-first heap   total 263168K, used 216064K [0x0000000080000000, 0x0000000100000000)
  region size 1024K, 46 young (47104K), 8 survivors (8192K)
 Metaspace       used 97625K, committed 98944K, reserved 557056K
  class space    used 13788K, committed 14400K, reserved 425984K
}
Event: 53.499 GC heap after
{Heap after GC invocations=60 (full 0):
 garbage-first heap   total 263168K, used 185894K [0x0000000080000000, 0x0000000100000000)
  region size 1024K, 6 young (6144K), 6 survivors (6144K)
 Metaspace       used 97625K, committed 98944K, reserved 557056K
  class space    used 13788K, committed 14400K, reserved 425984K
}
Event: 54.134 GC heap before
{Heap before GC invocations=60 (full 0):
 garbage-first heap   total 263168K, used 217638K [0x0000000080000000, 0x0000000100000000)
  region size 1024K, 37 young (37888K), 6 survivors (6144K)
 Metaspace       used 101059K, committed 102336K, reserved 557056K
  class space    used 14265K, committed 14848K, reserved 425984K
}
Event: 54.142 GC heap after
{Heap after GC invocations=61 (full 0):
 garbage-first heap   total 263168K, used 188242K [0x0000000080000000, 0x0000000100000000)
  region size 1024K, 2 young (2048K), 2 survivors (2048K)
 Metaspace       used 101059K, committed 102336K, reserved 557056K
  class space    used 14265K, committed 14848K, reserved 425984K
}
Event: 54.968 GC heap before
{Heap before GC invocations=61 (full 0):
 garbage-first heap   total 263168K, used 221010K [0x0000000080000000, 0x0000000100000000)
  region size 1024K, 34 young (34816K), 2 survivors (2048K)
 Metaspace       used 102023K, committed 103360K, reserved 557056K
  class space    used 14382K, committed 14976K, reserved 425984K
}
Event: 54.977 GC heap after
{Heap after GC invocations=62 (full 0):
 garbage-first heap   total 263168K, used 193799K [0x0000000080000000, 0x0000000100000000)
  region size 1024K, 5 young (5120K), 5 survivors (5120K)
 Metaspace       used 102023K, committed 103360K, reserved 557056K
  class space    used 14382K, committed 14976K, reserved 425984K
}
Event: 55.365 GC heap before
{Heap before GC invocations=62 (full 0):
 garbage-first heap   total 263168K, used 221447K [0x0000000080000000, 0x0000000100000000)
  region size 1024K, 32 young (32768K), 5 survivors (5120K)
 Metaspace       used 102704K, committed 104000K, reserved 557056K
  class space    used 14453K, committed 15040K, reserved 425984K
}
Event: 55.376 GC heap after
{Heap after GC invocations=63 (full 0):
 garbage-first heap   total 263168K, used 197983K [0x0000000080000000, 0x0000000100000000)
  region size 1024K, 4 young (4096K), 4 survivors (4096K)
 Metaspace       used 102704K, committed 104000K, reserved 557056K
  class space    used 14453K, committed 15040K, reserved 425984K
}
Event: 55.706 GC heap before
{Heap before GC invocations=63 (full 0):
 garbage-first heap   total 263168K, used 223583K [0x0000000080000000, 0x0000000100000000)
  region size 1024K, 29 young (29696K), 4 survivors (4096K)
 Metaspace       used 102824K, committed 104128K, reserved 557056K
  class space    used 14454K, committed 15040K, reserved 425984K
}
Event: 55.714 GC heap after
{Heap after GC invocations=64 (full 0):
 garbage-first heap   total 263168K, used 201046K [0x0000000080000000, 0x0000000100000000)
  region size 1024K, 3 young (3072K), 3 survivors (3072K)
 Metaspace       used 102824K, committed 104128K, reserved 557056K
  class space    used 14454K, committed 15040K, reserved 425984K
}
Event: 55.985 GC heap before
{Heap before GC invocations=64 (full 0):
 garbage-first heap   total 263168K, used 224598K [0x0000000080000000, 0x0000000100000000)
  region size 1024K, 26 young (26624K), 3 survivors (3072K)
 Metaspace       used 102918K, committed 104192K, reserved 557056K
  class space    used 14454K, committed 15040K, reserved 425984K
}
Event: 55.990 GC heap after
{Heap after GC invocations=65 (full 0):
 garbage-first heap   total 263168K, used 202978K [0x0000000080000000, 0x0000000100000000)
  region size 1024K, 3 young (3072K), 3 survivors (3072K)
 Metaspace       used 102918K, committed 104192K, reserved 557056K
  class space    used 14454K, committed 15040K, reserved 425984K
}
Event: 56.232 GC heap before
{Heap before GC invocations=65 (full 0):
 garbage-first heap   total 263168K, used 225506K [0x0000000080000000, 0x0000000100000000)
  region size 1024K, 25 young (25600K), 3 survivors (3072K)
 Metaspace       used 103098K, committed 104384K, reserved 557056K
  class space    used 14474K, committed 15040K, reserved 425984K
}
Event: 56.238 GC heap after
{Heap after GC invocations=66 (full 0):
 garbage-first heap   total 263168K, used 205473K [0x0000000080000000, 0x0000000100000000)
  region size 1024K, 3 young (3072K), 3 survivors (3072K)
 Metaspace       used 103098K, committed 104384K, reserved 557056K
  class space    used 14474K, committed 15040K, reserved 425984K
}
Event: 56.424 GC heap before
{Heap before GC invocations=66 (full 0):
 garbage-first heap   total 263168K, used 226977K [0x0000000080000000, 0x0000000100000000)
  region size 1024K, 24 young (24576K), 3 survivors (3072K)
 Metaspace       used 103299K, committed 104704K, reserved 557056K
  class space    used 14491K, committed 15104K, reserved 425984K
}
Event: 56.431 GC heap after
{Heap after GC invocations=67 (full 0):
 garbage-first heap   total 316416K, used 208249K [0x0000000080000000, 0x0000000100000000)
  region size 1024K, 3 young (3072K), 3 survivors (3072K)
 Metaspace       used 103299K, committed 104704K, reserved 557056K
  class space    used 14491K, committed 15104K, reserved 425984K
}
Event: 57.141 GC heap before
{Heap before GC invocations=67 (full 0):
 garbage-first heap   total 316416K, used 264569K [0x0000000080000000, 0x0000000100000000)
  region size 1024K, 59 young (60416K), 3 survivors (3072K)
 Metaspace       used 104194K, committed 105536K, reserved 557056K
  class space    used 14651K, committed 15232K, reserved 425984K
}
Event: 57.149 GC heap after
{Heap after GC invocations=68 (full 0):
 garbage-first heap   total 316416K, used 211110K [0x0000000080000000, 0x0000000100000000)
  region size 1024K, 6 young (6144K), 6 survivors (6144K)
 Metaspace       used 104194K, committed 105536K, reserved 557056K
  class space    used 14651K, committed 15232K, reserved 425984K
}
Event: 57.917 GC heap before
{Heap before GC invocations=68 (full 0):
 garbage-first heap   total 316416K, used 266406K [0x0000000080000000, 0x0000000100000000)
  region size 1024K, 61 young (62464K), 6 survivors (6144K)
 Metaspace       used 104584K, committed 105920K, reserved 557056K
  class space    used 14701K, committed 15296K, reserved 425984K
}
Event: 57.926 GC heap after
{Heap after GC invocations=69 (full 0):
 garbage-first heap   total 316416K, used 216132K [0x0000000080000000, 0x0000000100000000)
  region size 1024K, 8 young (8192K), 8 survivors (8192K)
 Metaspace       used 104584K, committed 105920K, reserved 557056K
  class space    used 14701K, committed 15296K, reserved 425984K
}

